ERROR	2024/06/10 11:02:55 handler.go:115: template: special.page.tmpl:9: unexpected <define> in command
ERROR	2024/06/10 11:03:02 handler.go:115: template: special.page.tmpl:9: unexpected <define> in command
ERROR	2024/06/10 11:04:44 handler.go:115: template: special.page.tmpl:9: unexpected <define> in command
ERROR	2024/06/10 11:04:51 handler.go:115: template: special.page.tmpl:9: unexpected <define> in command
ERROR	2024/06/10 11:12:42 handler.go:115: template: special.page.tmpl:9: unexpected <define> in command
ERROR	2024/06/10 11:12:43 handler.go:115: template: special.page.tmpl:9: unexpected <define> in command
ERROR	2024/06/10 11:12:43 handler.go:115: template: special.page.tmpl:9: unexpected <define> in command
ERROR	2024/06/10 11:12:48 handler.go:115: template: special.page.tmpl:9: unexpected <define> in command
ERROR	2024/06/10 11:17:08 helpers.go:16: sql: expected 5 destination arguments in Scan, not 4

ERROR	2024/06/10 11:18:45 handler.go:112: template: special.page.tmpl:9: unexpected <define> in command
ERROR	2024/06/10 11:18:51 handler.go:112: template: special.page.tmpl:9: unexpected <define> in command
ERROR	2024/06/10 11:20:20 handler.go:123: html/template:base.layout.tmpl:25:15: no such template "list"
ERROR	2024/06/10 11:20:21 handler.go:123: html/template:base.layout.tmpl:25:15: no such template "list"
ERROR	2024/06/10 11:20:21 handler.go:123: html/template:base.layout.tmpl:25:15: no such template "list"
ERROR	2024/06/10 11:20:21 handler.go:123: html/template:base.layout.tmpl:25:15: no such template "list"
ERROR	2024/06/10 11:20:21 handler.go:123: html/template:base.layout.tmpl:25:15: no such template "list"
ERROR	2024/06/10 11:20:22 handler.go:123: html/template:base.layout.tmpl:25:15: no such template "list"
ERROR	2024/06/10 11:21:18 handler.go:123: html/template:base.layout.tmpl:25:15: no such template "list"
ERROR	2024/06/10 11:34:48 helpers.go:16: Error 1054 (42S22): Unknown column 'title' in 'where clause'

ERROR	2024/06/10 11:34:48 server.go:3212: http: superfluous response.WriteHeader call from main.(*application).serverError (helpers.go:18)
ERROR	2024/06/10 11:51:08 handler.go:44: template: home.page.tmpl:38: bad character U+007D '}'
ERROR	2024/06/10 11:51:09 handler.go:44: template: home.page.tmpl:38: bad character U+007D '}'
ERROR	2024/06/10 11:52:19 handler.go:59: template: home.page.tmpl:38:79: executing "list" at <.name>: can't evaluate field name in type *models.Todos
ERROR	2024/06/10 11:52:28 handler.go:59: template: home.page.tmpl:38:79: executing "list" at <.name>: can't evaluate field name in type *models.Todos
ERROR	2024/06/10 11:52:41 handler.go:59: template: home.page.tmpl:38:79: executing "list" at <.name>: can't evaluate field name in type *models.Todos
ERROR	2024/06/10 11:52:44 handler.go:59: template: home.page.tmpl:38:79: executing "list" at <.name>: can't evaluate field name in type *models.Todos
ERROR	2024/06/10 11:55:27 helpers.go:16: Error 1054 (42S22): Unknown column 'title' in 'where clause'

ERROR	2024/06/10 11:55:27 server.go:3212: http: superfluous response.WriteHeader call from main.(*application).serverError (helpers.go:18)
ERROR	2024/06/10 12:09:32 handler.go:114: template: special.page.tmpl:10:21: executing "body" at <.Task>: can't evaluate field Task in type []*models.Special
