INFO	2024/06/07 11:47:01 starting server on :3000 :3000
INFO	2024/06/07 11:47:08 [::1]:58378 - HTTP/1.1 GET /
INFO	2024/06/07 11:47:11 [::1]:58378 - HTTP/1.1 GET /tasks/special
INFO	2024/06/07 11:47:15 [::1]:58378 - HTTP/1.1 GET /tasks/special
INFO	2024/06/07 11:50:52 starting server on :3000 :3000
INFO	2024/06/07 11:50:59 [::1]:58388 - HTTP/1.1 GET /
INFO	2024/06/07 11:51:01 [::1]:58388 - HTTP/1.1 GET /user/signup
INFO	2024/06/07 11:51:03 [::1]:58388 - HTTP/1.1 GET /user/login
INFO	2024/06/07 11:51:05 [::1]:58388 - HTTP/1.1 GET /user/special
INFO	2024/06/07 12:04:48 starting server on :3000 :3000
INFO	2024/06/07 12:04:57 [::1]:58415 - HTTP/1.1 GET /
INFO	2024/06/07 12:04:59 [::1]:58415 - HTTP/1.1 GET /user/special
INFO	2024/06/07 12:04:59 [::1]:58415 - HTTP/1.1 GET /
INFO	2024/06/07 12:06:32 starting server on :3000 :3000
INFO	2024/06/07 12:06:54 [::1]:58422 - HTTP/1.1 GET /
INFO	2024/06/07 12:06:57 [::1]:58422 - HTTP/1.1 GET /user/special
INFO	2024/06/07 12:06:57 [::1]:58422 - HTTP/1.1 GET /
INFO	2024/06/07 12:11:37 starting server on :3000 :3000
INFO	2024/06/07 12:11:44 [::1]:58434 - HTTP/1.1 GET /
INFO	2024/06/07 12:11:45 [::1]:58434 - HTTP/1.1 GET /user/special
INFO	2024/06/07 12:11:45 [::1]:58434 - HTTP/1.1 GET /
INFO	2024/06/07 12:13:58 starting server on :3000 :3000
INFO	2024/06/07 12:14:05 [::1]:58442 - HTTP/1.1 GET /
INFO	2024/06/07 12:14:07 [::1]:58442 - HTTP/1.1 GET /user/special
INFO	2024/06/07 12:14:07 [::1]:58442 - HTTP/1.1 GET /
INFO	2024/06/07 12:15:53 starting server on :3000 :3000
INFO	2024/06/07 12:16:07 [::1]:58449 - HTTP/1.1 GET /
INFO	2024/06/07 12:16:08 [::1]:58449 - HTTP/1.1 GET /
INFO	2024/06/07 12:16:08 [::1]:58449 - HTTP/1.1 GET /
INFO	2024/06/07 12:16:08 [::1]:58449 - HTTP/1.1 GET /
INFO	2024/06/07 12:16:09 [::1]:58449 - HTTP/1.1 GET /user/special
INFO	2024/06/07 12:16:09 [::1]:58449 - HTTP/1.1 GET /
INFO	2024/06/07 12:17:42 starting server on :3000 :3000
INFO	2024/06/07 12:17:57 [::1]:58456 - HTTP/1.1 GET /
INFO	2024/06/07 12:17:59 [::1]:58456 - HTTP/1.1 GET /
INFO	2024/06/07 12:18:00 [::1]:58456 - HTTP/1.1 GET /user/special
INFO	2024/06/07 12:18:44 starting server on :3000 :3000
INFO	2024/06/07 12:18:54 [::1]:58463 - HTTP/1.1 GET /user/special
INFO	2024/06/07 12:18:57 [::1]:58463 - HTTP/1.1 GET /
INFO	2024/06/07 12:18:59 [::1]:58463 - HTTP/1.1 GET /user/special
INFO	2024/06/07 12:21:24 starting server on :3000 :3000
INFO	2024/06/07 12:21:31 [::1]:58472 - HTTP/1.1 GET /
INFO	2024/06/07 12:21:33 [::1]:58472 - HTTP/1.1 GET /user/special
INFO	2024/06/07 12:25:49 starting server on :3000 :3000
INFO	2024/06/07 12:25:57 [::1]:58482 - HTTP/1.1 GET /
INFO	2024/06/07 12:26:00 [::1]:58482 - HTTP/1.1 GET /user/special
INFO	2024/06/07 12:27:19 starting server on :3000 :3000
INFO	2024/06/07 12:27:28 [::1]:58489 - HTTP/1.1 GET /
INFO	2024/06/07 12:27:29 [::1]:58489 - HTTP/1.1 GET /user/special
INFO	2024/06/07 12:34:57 starting server on :3000 :3000
INFO	2024/06/07 12:35:06 [::1]:58503 - HTTP/1.1 GET /
INFO	2024/06/07 12:35:08 [::1]:58503 - HTTP/1.1 GET /user/special
INFO	2024/06/07 12:35:08 [::1]:58503 - HTTP/1.1 GET /
INFO	2024/06/07 12:35:36 starting server on :3000 :3000
INFO	2024/06/07 12:35:43 [::1]:58509 - HTTP/1.1 GET /
INFO	2024/06/07 12:35:45 [::1]:58509 - HTTP/1.1 GET /user/special
INFO	2024/06/07 12:38:17 starting server on :3000 :3000
INFO	2024/06/07 12:38:28 [::1]:58518 - HTTP/1.1 GET /user/special
INFO	2024/06/07 12:38:29 [::1]:58518 - HTTP/1.1 GET /user/special
INFO	2024/06/07 12:38:29 [::1]:58518 - HTTP/1.1 GET /user/special
INFO	2024/06/07 12:38:29 [::1]:58518 - HTTP/1.1 GET /user/special
INFO	2024/06/07 12:38:29 [::1]:58518 - HTTP/1.1 GET /user/special
INFO	2024/06/07 12:38:29 [::1]:58518 - HTTP/1.1 GET /user/special
INFO	2024/06/07 12:38:29 [::1]:58518 - HTTP/1.1 GET /user/special
INFO	2024/06/07 12:38:32 [::1]:58518 - HTTP/1.1 GET /
INFO	2024/06/07 12:38:34 [::1]:58518 - HTTP/1.1 GET /user/special
INFO	2024/06/07 12:41:16 starting server on :3000 :3000
INFO	2024/06/07 12:41:22 [::1]:58527 - HTTP/1.1 GET /
INFO	2024/06/07 12:41:24 [::1]:58527 - HTTP/1.1 GET /user/special
INFO	2024/06/07 12:43:13 starting server on :3000 :3000
INFO	2024/06/07 12:43:20 [::1]:58534 - HTTP/1.1 GET /user/special
INFO	2024/06/07 12:43:20 [::1]:58534 - HTTP/1.1 GET /
INFO	2024/06/07 12:43:25 [::1]:58534 - HTTP/1.1 GET /user/special
INFO	2024/06/07 12:43:25 [::1]:58534 - HTTP/1.1 GET /
INFO	2024/06/07 12:43:26 [::1]:58534 - HTTP/1.1 GET /user/special
INFO	2024/06/07 12:43:26 [::1]:58534 - HTTP/1.1 GET /
INFO	2024/06/07 12:43:27 [::1]:58534 - HTTP/1.1 GET /user/special
INFO	2024/06/07 12:43:27 [::1]:58534 - HTTP/1.1 GET /
INFO	2024/06/07 12:43:27 [::1]:58534 - HTTP/1.1 GET /user/special
INFO	2024/06/07 12:43:27 [::1]:58534 - HTTP/1.1 GET /
INFO	2024/06/07 12:43:29 [::1]:58534 - HTTP/1.1 GET /user/special
INFO	2024/06/07 12:43:29 [::1]:58534 - HTTP/1.1 GET /
INFO	2024/06/07 12:43:29 [::1]:58534 - HTTP/1.1 GET /user/special
INFO	2024/06/07 12:43:29 [::1]:58534 - HTTP/1.1 GET /
INFO	2024/06/07 12:43:30 [::1]:58534 - HTTP/1.1 GET /user/special
INFO	2024/06/07 12:43:30 [::1]:58534 - HTTP/1.1 GET /
INFO	2024/06/07 12:43:30 [::1]:58534 - HTTP/1.1 GET /user/special
INFO	2024/06/07 12:43:30 [::1]:58534 - HTTP/1.1 GET /
INFO	2024/06/07 12:43:30 [::1]:58534 - HTTP/1.1 GET /user/special
INFO	2024/06/07 12:43:30 [::1]:58534 - HTTP/1.1 GET /
INFO	2024/06/07 12:44:22 starting server on :3000 :3000
INFO	2024/06/07 12:44:28 [::1]:58541 - HTTP/1.1 GET /
INFO	2024/06/07 12:44:29 [::1]:58541 - HTTP/1.1 GET /user/special
INFO	2024/06/07 12:44:29 [::1]:58541 - HTTP/1.1 GET /user/special
INFO	2024/06/07 12:44:29 [::1]:58541 - HTTP/1.1 GET /user/special
INFO	2024/06/07 12:44:29 [::1]:58541 - HTTP/1.1 GET /user/special
INFO	2024/06/07 12:44:29 [::1]:58541 - HTTP/1.1 GET /user/special
INFO	2024/06/07 12:44:29 [::1]:58541 - HTTP/1.1 GET /user/special
INFO	2024/06/07 12:44:29 [::1]:58541 - HTTP/1.1 GET /user/special
INFO	2024/06/07 12:44:29 [::1]:58541 - HTTP/1.1 GET /user/special
INFO	2024/06/07 12:44:29 [::1]:58541 - HTTP/1.1 GET /user/special
INFO	2024/06/07 12:44:29 [::1]:58541 - HTTP/1.1 GET /user/special
INFO	2024/06/07 12:44:29 [::1]:58541 - HTTP/1.1 GET /user/special
INFO	2024/06/07 12:44:29 [::1]:58541 - HTTP/1.1 GET /user/special
INFO	2024/06/07 12:44:29 [::1]:58541 - HTTP/1.1 GET /user/special
INFO	2024/06/07 12:44:29 [::1]:58541 - HTTP/1.1 GET /user/special
INFO	2024/06/07 12:44:29 [::1]:58541 - HTTP/1.1 GET /user/special
INFO	2024/06/07 12:44:29 [::1]:58541 - HTTP/1.1 GET /user/special
INFO	2024/06/07 12:44:29 [::1]:58541 - HTTP/1.1 GET /user/special
INFO	2024/06/07 12:44:29 [::1]:58541 - HTTP/1.1 GET /user/special
INFO	2024/06/07 12:44:29 [::1]:58541 - HTTP/1.1 GET /user/special
INFO	2024/06/07 12:44:29 [::1]:58541 - HTTP/1.1 GET /user/special
INFO	2024/06/07 12:46:01 starting server on :3000 :3000
INFO	2024/06/07 12:46:08 [::1]:58547 - HTTP/1.1 GET /user/special
INFO	2024/06/07 12:46:09 [::1]:58547 - HTTP/1.1 GET /
INFO	2024/06/07 12:46:12 [::1]:58547 - HTTP/1.1 GET /user/special
INFO	2024/06/07 12:46:12 [::1]:58547 - HTTP/1.1 GET /
INFO	2024/06/07 12:46:16 [::1]:58547 - HTTP/1.1 GET /user/special
INFO	2024/06/07 12:46:16 [::1]:58547 - HTTP/1.1 GET /
INFO	2024/06/07 12:46:18 [::1]:58547 - HTTP/1.1 GET /user/special
INFO	2024/06/07 12:46:18 [::1]:58547 - HTTP/1.1 GET /
INFO	2024/06/07 12:51:10 starting server on :3000 :3000
INFO	2024/06/07 12:51:15 [::1]:58559 - HTTP/1.1 GET /
INFO	2024/06/07 12:51:17 [::1]:58559 - HTTP/1.1 GET /user/special
INFO	2024/06/07 12:55:43 [::1]:58559 - HTTP/1.1 POST /user/special
INFO	2024/06/07 12:55:43 [::1]:58559 - HTTP/1.1 GET /
INFO	2024/06/07 12:56:27 starting server on :3000 :3000
INFO	2024/06/07 12:56:35 [::1]:58578 - HTTP/1.1 GET /
INFO	2024/06/07 12:56:37 [::1]:58578 - HTTP/1.1 GET /user/special
INFO	2024/06/07 13:05:13 starting server on :3000 :3000
INFO	2024/06/07 13:05:24 [::1]:58595 - HTTP/1.1 GET /user/special
INFO	2024/06/07 13:05:25 [::1]:58595 - HTTP/1.1 GET /user/special
INFO	2024/06/07 13:05:25 [::1]:58595 - HTTP/1.1 GET /user/special
INFO	2024/06/07 13:05:25 [::1]:58595 - HTTP/1.1 GET /user/special
INFO	2024/06/07 13:05:27 [::1]:58595 - HTTP/1.1 GET /
INFO	2024/06/07 13:05:28 [::1]:58595 - HTTP/1.1 GET /
INFO	2024/06/07 13:05:41 starting server on :3000 :3000
INFO	2024/06/07 13:49:25 starting server on :3000 :3000
INFO	2024/06/07 13:49:34 [::1]:58657 - HTTP/1.1 GET /
INFO	2024/06/07 13:49:34 [::1]:58657 - HTTP/1.1 GET /
INFO	2024/06/07 13:49:35 [::1]:58657 - HTTP/1.1 GET /
INFO	2024/06/07 13:49:35 [::1]:58657 - HTTP/1.1 GET /
INFO	2024/06/07 13:49:35 [::1]:58657 - HTTP/1.1 GET /
INFO	2024/06/07 13:49:35 [::1]:58657 - HTTP/1.1 GET /
INFO	2024/06/07 13:49:35 [::1]:58657 - HTTP/1.1 GET /
INFO	2024/06/07 13:49:35 [::1]:58657 - HTTP/1.1 GET /
INFO	2024/06/07 13:49:36 [::1]:58657 - HTTP/1.1 GET /
INFO	2024/06/07 13:49:36 [::1]:58657 - HTTP/1.1 GET /
INFO	2024/06/07 13:49:36 [::1]:58657 - HTTP/1.1 GET /
INFO	2024/06/07 13:49:36 [::1]:58657 - HTTP/1.1 GET /
INFO	2024/06/07 13:49:36 [::1]:58657 - HTTP/1.1 GET /
INFO	2024/06/07 13:50:10 starting server on :3000 :3000
INFO	2024/06/07 13:50:17 [::1]:58662 - HTTP/1.1 GET /
INFO	2024/06/07 13:50:17 [::1]:58662 - HTTP/1.1 GET /static/css/style.css
INFO	2024/06/07 13:50:18 [::1]:58662 - HTTP/1.1 GET /
INFO	2024/06/07 13:50:19 [::1]:58662 - HTTP/1.1 GET /user/special
INFO	2024/06/07 13:50:21 [::1]:58662 - HTTP/1.1 GET /user/special
INFO	2024/06/07 13:50:38 [::1]:58662 - HTTP/1.1 POST /tasks
INFO	2024/06/07 13:50:38 [::1]:58662 - HTTP/1.1 GET /
INFO	2024/06/07 13:50:43 [::1]:58662 - HTTP/1.1 GET /user/special
INFO	2024/06/07 13:54:54 starting server on :3000 :3000
INFO	2024/06/07 13:55:01 [::1]:58673 - HTTP/1.1 GET /user/special
INFO	2024/06/07 13:55:04 [::1]:58673 - HTTP/1.1 GET /
INFO	2024/06/07 13:55:06 [::1]:58673 - HTTP/1.1 GET /user/special
INFO	2024/06/07 13:56:25 starting server on :3000 :3000
INFO	2024/06/07 13:56:33 [::1]:58681 - HTTP/1.1 GET /user/special
INFO	2024/06/07 13:56:33 [::1]:58681 - HTTP/1.1 GET /user/special
INFO	2024/06/07 13:56:33 [::1]:58681 - HTTP/1.1 GET /user/special
INFO	2024/06/07 13:56:34 [::1]:58681 - HTTP/1.1 GET /user/special
INFO	2024/06/07 13:56:34 [::1]:58681 - HTTP/1.1 GET /user/special
INFO	2024/06/07 13:56:36 [::1]:58681 - HTTP/1.1 GET /
INFO	2024/06/07 13:56:40 [::1]:58681 - HTTP/1.1 GET /user/special
INFO	2024/06/07 13:57:30 starting server on :3000 :3000
INFO	2024/06/07 13:57:37 [::1]:58687 - HTTP/1.1 GET /user/special
INFO	2024/06/07 13:57:38 [::1]:58687 - HTTP/1.1 GET /user/special
INFO	2024/06/07 13:57:38 [::1]:58687 - HTTP/1.1 GET /user/special
INFO	2024/06/07 13:57:38 [::1]:58687 - HTTP/1.1 GET /user/special
INFO	2024/06/07 13:57:38 [::1]:58687 - HTTP/1.1 GET /user/special
INFO	2024/06/07 13:57:39 [::1]:58687 - HTTP/1.1 GET /user/special
INFO	2024/06/07 13:58:46 starting server on :3000 :3000
INFO	2024/06/07 13:58:54 [::1]:58693 - HTTP/1.1 GET /user/special
INFO	2024/06/07 13:58:55 [::1]:58693 - HTTP/1.1 GET /user/special
INFO	2024/06/07 13:58:55 [::1]:58693 - HTTP/1.1 GET /user/special
INFO	2024/06/07 13:58:55 [::1]:58693 - HTTP/1.1 GET /user/special
INFO	2024/06/07 13:59:45 starting server on :3000 :3000
INFO	2024/06/07 13:59:52 [::1]:58700 - HTTP/1.1 GET /user/special
INFO	2024/06/07 13:59:53 [::1]:58700 - HTTP/1.1 GET /user/special
INFO	2024/06/07 14:03:03 [::1]:58700 - HTTP/1.1 GET /user/special
INFO	2024/06/07 14:08:07 [::1]:58713 - HTTP/1.1 GET /
INFO	2024/06/07 14:08:10 [::1]:58713 - HTTP/1.1 GET /user/special
INFO	2024/06/07 14:19:23 starting server on :3000 :3000
INFO	2024/06/07 14:19:32 [::1]:58743 - HTTP/1.1 GET /
INFO	2024/06/07 14:19:34 [::1]:58743 - HTTP/1.1 GET /user/special
INFO	2024/06/07 14:20:49 starting server on :3000 :3000
INFO	2024/06/07 14:20:56 [::1]:58750 - HTTP/1.1 GET /
INFO	2024/06/07 14:20:59 [::1]:58750 - HTTP/1.1 GET /user/special
INFO	2024/06/07 14:21:26 [::1]:58750 - HTTP/1.1 POST /tasks
INFO	2024/06/07 14:21:26 [::1]:58750 - HTTP/1.1 GET /
INFO	2024/06/07 14:24:18 starting server on :3000 :3000
INFO	2024/06/07 14:24:25 [::1]:58759 - HTTP/1.1 GET /
INFO	2024/06/07 14:24:30 [::1]:58759 - HTTP/1.1 GET /user/special
INFO	2024/06/07 14:24:43 [::1]:58759 - HTTP/1.1 POST /tasks
INFO	2024/06/07 14:24:43 [::1]:58759 - HTTP/1.1 GET /
INFO	2024/06/07 14:24:48 [::1]:58759 - HTTP/1.1 GET /user/special
INFO	2024/06/07 14:26:27 [::1]:58759 - HTTP/1.1 GET /
INFO	2024/06/07 14:26:39 [::1]:58759 - HTTP/1.1 POST /tasks
INFO	2024/06/07 14:26:39 [::1]:58759 - HTTP/1.1 GET /
INFO	2024/06/07 14:27:29 starting server on :3000 :3000
INFO	2024/06/07 14:27:37 [::1]:58770 - HTTP/1.1 GET /
INFO	2024/06/07 14:27:47 [::1]:58770 - HTTP/1.1 POST /tasks
INFO	2024/06/07 14:27:47 [::1]:58770 - HTTP/1.1 GET /
INFO	2024/06/07 14:28:50 starting server on :3000 :3000
INFO	2024/06/07 14:28:56 [::1]:58777 - HTTP/1.1 GET /
INFO	2024/06/07 14:29:04 [::1]:58777 - HTTP/1.1 POST /tasks
INFO	2024/06/07 14:29:04 [::1]:58777 - HTTP/1.1 GET /
INFO	2024/06/07 14:29:44 starting server on :3000 :3000
INFO	2024/06/07 14:29:50 [::1]:58782 - HTTP/1.1 GET /
INFO	2024/06/07 14:29:56 [::1]:58782 - HTTP/1.1 POST /tasks
INFO	2024/06/07 14:29:56 [::1]:58782 - HTTP/1.1 GET /
INFO	2024/06/07 14:32:31 [::1]:58782 - HTTP/1.1 POST /tasks
INFO	2024/06/07 14:32:31 [::1]:58782 - HTTP/1.1 GET /
INFO	2024/06/07 14:33:16 [::1]:58782 - HTTP/1.1 POST /tasks/delete?id=46
INFO	2024/06/07 14:33:16 [::1]:58782 - HTTP/1.1 GET /
INFO	2024/06/07 14:33:17 [::1]:58782 - HTTP/1.1 GET /user/special
INFO	2024/06/07 14:44:43 starting server on :3000 :3000
INFO	2024/06/07 14:46:49 starting server on :3000 :3000
INFO	2024/06/07 14:46:57 [::1]:58814 - HTTP/1.1 GET /user/special
INFO	2024/06/07 14:46:59 [::1]:58814 - HTTP/1.1 GET /
INFO	2024/06/07 14:47:03 [::1]:58814 - HTTP/1.1 GET /user/special
INFO	2024/06/07 14:47:30 starting server on :3000 :3000
INFO	2024/06/07 14:47:34 [::1]:58819 - HTTP/1.1 GET /
INFO	2024/06/07 14:47:36 [::1]:58819 - HTTP/1.1 GET /user/special
INFO	2024/06/07 14:47:38 [::1]:58819 - HTTP/1.1 GET /user/special
INFO	2024/06/07 14:49:44 [::1]:58819 - HTTP/1.1 GET /user/special
INFO	2024/06/07 14:53:39 starting server on :3000 :3000
INFO	2024/06/07 14:53:50 [::1]:58834 - HTTP/1.1 GET /user/special
INFO	2024/06/07 14:53:50 [::1]:58834 - HTTP/1.1 GET /user/special
INFO	2024/06/07 14:53:51 [::1]:58834 - HTTP/1.1 GET /user/special
INFO	2024/06/07 14:53:51 [::1]:58834 - HTTP/1.1 GET /user/special
INFO	2024/06/07 14:53:51 [::1]:58834 - HTTP/1.1 GET /user/special
INFO	2024/06/07 14:53:51 [::1]:58834 - HTTP/1.1 GET /user/special
INFO	2024/06/07 14:53:51 [::1]:58834 - HTTP/1.1 GET /user/special
INFO	2024/06/07 14:53:51 [::1]:58834 - HTTP/1.1 GET /user/special
INFO	2024/06/07 14:53:53 [::1]:58834 - HTTP/1.1 GET /
INFO	2024/06/07 14:53:56 [::1]:58834 - HTTP/1.1 GET /user/special
INFO	2024/06/07 14:56:34 starting server on :3000 :3000
INFO	2024/06/07 14:56:40 [::1]:58843 - HTTP/1.1 GET /user/special
INFO	2024/06/07 14:56:41 [::1]:58843 - HTTP/1.1 GET /user/special
INFO	2024/06/07 14:56:41 [::1]:58843 - HTTP/1.1 GET /user/special
INFO	2024/06/07 14:56:41 [::1]:58843 - HTTP/1.1 GET /user/special
INFO	2024/06/07 14:56:43 [::1]:58843 - HTTP/1.1 GET /
INFO	2024/06/07 14:56:46 [::1]:58843 - HTTP/1.1 GET /user/special
INFO	2024/06/07 14:57:21 [::1]:58843 - HTTP/1.1 GET /user/special
INFO	2024/06/07 14:58:06 [::1]:58843 - HTTP/1.1 GET /user/special
INFO	2024/06/07 14:58:10 [::1]:58843 - HTTP/1.1 GET /user/special
INFO	2024/06/07 14:58:10 [::1]:58843 - HTTP/1.1 GET /user/special
INFO	2024/06/07 14:58:10 [::1]:58843 - HTTP/1.1 GET /user/special
INFO	2024/06/07 14:59:42 starting server on :3000 :3000
INFO	2024/06/07 14:59:49 [::1]:58920 - HTTP/1.1 GET /user/special
INFO	2024/06/07 14:59:50 [::1]:58920 - HTTP/1.1 GET /user/special
INFO	2024/06/07 14:59:50 [::1]:58920 - HTTP/1.1 GET /user/special
INFO	2024/06/07 14:59:53 [::1]:58920 - HTTP/1.1 GET /
INFO	2024/06/07 14:59:55 [::1]:58920 - HTTP/1.1 GET /user/special
INFO	2024/06/07 15:02:04 starting server on :3000 :3000
INFO	2024/06/07 15:02:13 [::1]:58991 - HTTP/1.1 GET /user/special
INFO	2024/06/07 15:02:14 [::1]:58991 - HTTP/1.1 GET /user/special
INFO	2024/06/07 15:02:14 [::1]:58991 - HTTP/1.1 GET /user/special
INFO	2024/06/07 15:02:14 [::1]:58991 - HTTP/1.1 GET /user/special
INFO	2024/06/07 15:02:14 [::1]:58991 - HTTP/1.1 GET /user/special
INFO	2024/06/07 15:02:14 [::1]:58991 - HTTP/1.1 GET /user/special
INFO	2024/06/07 15:02:14 [::1]:58991 - HTTP/1.1 GET /user/special
INFO	2024/06/07 15:02:15 [::1]:58991 - HTTP/1.1 GET /user/special
INFO	2024/06/07 15:02:15 [::1]:58991 - HTTP/1.1 GET /user/special
INFO	2024/06/07 15:02:31 [::1]:58991 - HTTP/1.1 GET /user/special
INFO	2024/06/07 15:03:33 starting server on :3000 :3000
INFO	2024/06/07 15:03:40 [::1]:59008 - HTTP/1.1 GET /user/special
INFO	2024/06/07 15:03:40 [::1]:59008 - HTTP/1.1 GET /user/special
INFO	2024/06/07 15:03:41 [::1]:59008 - HTTP/1.1 GET /user/special
INFO	2024/06/07 15:03:41 [::1]:59008 - HTTP/1.1 GET /user/special
INFO	2024/06/07 15:04:36 starting server on :3000 :3000
INFO	2024/06/07 15:04:41 [::1]:59014 - HTTP/1.1 GET /user/special
INFO	2024/06/07 15:04:42 [::1]:59014 - HTTP/1.1 GET /user/special
INFO	2024/06/07 15:04:42 [::1]:59014 - HTTP/1.1 GET /user/special
INFO	2024/06/07 15:04:42 [::1]:59014 - HTTP/1.1 GET /user/special
INFO	2024/06/07 15:04:42 [::1]:59014 - HTTP/1.1 GET /user/special
INFO	2024/06/07 15:04:43 [::1]:59014 - HTTP/1.1 GET /user/special
INFO	2024/06/07 15:04:43 [::1]:59014 - HTTP/1.1 GET /user/special
INFO	2024/06/07 15:04:43 [::1]:59014 - HTTP/1.1 GET /user/special
INFO	2024/06/07 15:04:43 [::1]:59014 - HTTP/1.1 GET /user/special
INFO	2024/06/07 15:04:43 [::1]:59014 - HTTP/1.1 GET /user/special
INFO	2024/06/07 15:04:43 [::1]:59014 - HTTP/1.1 GET /user/special
INFO	2024/06/07 15:06:22 [::1]:59014 - HTTP/1.1 POST /tasks
INFO	2024/06/07 15:06:22 [::1]:59014 - HTTP/1.1 GET /
INFO	2024/06/07 15:06:27 [::1]:59014 - HTTP/1.1 GET /user/special
INFO	2024/06/07 15:06:43 [::1]:59014 - HTTP/1.1 POST /tasks
INFO	2024/06/07 15:08:32 starting server on :3000 :3000
INFO	2024/06/07 15:09:25 starting server on :3000 :3000
INFO	2024/06/07 15:09:33 [::1]:59029 - HTTP/1.1 POST /tasks
INFO	2024/06/07 15:09:36 [::1]:59030 - HTTP/1.1 GET /
INFO	2024/06/07 15:09:36 [::1]:59030 - HTTP/1.1 GET /
INFO	2024/06/07 15:11:09 starting server on :3000 :3000
INFO	2024/06/07 15:11:09 [::1]:59038 - HTTP/1.1 GET /
INFO	2024/06/07 15:11:14 [::1]:59038 - HTTP/1.1 GET /
INFO	2024/06/07 15:11:14 [::1]:59038 - HTTP/1.1 GET /
INFO	2024/06/07 15:11:15 [::1]:59038 - HTTP/1.1 GET /
INFO	2024/06/07 15:13:37 starting server on :3000 :3000
INFO	2024/06/07 15:13:46 [::1]:59045 - HTTP/1.1 GET /
INFO	2024/06/07 15:13:46 [::1]:59045 - HTTP/1.1 GET /
INFO	2024/06/07 15:13:46 [::1]:59045 - HTTP/1.1 GET /
INFO	2024/06/07 15:13:47 [::1]:59045 - HTTP/1.1 GET /
INFO	2024/06/07 15:13:47 [::1]:59045 - HTTP/1.1 GET /
INFO	2024/06/07 15:13:47 [::1]:59045 - HTTP/1.1 GET /
INFO	2024/06/07 15:13:47 [::1]:59045 - HTTP/1.1 GET /
INFO	2024/06/07 15:13:47 [::1]:59045 - HTTP/1.1 GET /
INFO	2024/06/07 15:14:27 starting server on :3000 :3000
INFO	2024/06/07 15:14:35 [::1]:59052 - HTTP/1.1 GET /
INFO	2024/06/07 15:15:32 starting server on :3000 :3000
INFO	2024/06/07 15:15:40 [::1]:59058 - HTTP/1.1 GET /
INFO	2024/06/07 15:15:40 [::1]:59058 - HTTP/1.1 GET /
INFO	2024/06/07 15:15:40 [::1]:59058 - HTTP/1.1 GET /
INFO	2024/06/07 15:15:40 [::1]:59058 - HTTP/1.1 GET /
INFO	2024/06/07 15:15:41 [::1]:59058 - HTTP/1.1 GET /
INFO	2024/06/07 15:15:41 [::1]:59058 - HTTP/1.1 GET /
INFO	2024/06/07 15:15:41 [::1]:59058 - HTTP/1.1 GET /
INFO	2024/06/07 15:15:41 [::1]:59058 - HTTP/1.1 GET /
INFO	2024/06/07 15:15:41 [::1]:59058 - HTTP/1.1 GET /
INFO	2024/06/07 15:17:09 starting server on :3000 :3000
INFO	2024/06/07 15:17:18 [::1]:59065 - HTTP/1.1 GET /
INFO	2024/06/07 15:17:21 [::1]:59065 - HTTP/1.1 GET /user/special
INFO	2024/06/07 15:17:56 starting server on :3000 :3000
INFO	2024/06/07 15:18:04 [::1]:59071 - HTTP/1.1 GET /user/special
INFO	2024/06/07 15:18:04 [::1]:59071 - HTTP/1.1 GET /user/special
INFO	2024/06/07 15:18:04 [::1]:59071 - HTTP/1.1 GET /user/special
INFO	2024/06/07 15:18:04 [::1]:59071 - HTTP/1.1 GET /user/special
INFO	2024/06/07 15:18:05 [::1]:59071 - HTTP/1.1 GET /user/special
INFO	2024/06/07 15:19:56 starting server on :3000 :3000
INFO	2024/06/07 15:20:03 [::1]:59079 - HTTP/1.1 GET /user/special
INFO	2024/06/07 15:20:03 [::1]:59079 - HTTP/1.1 GET /user/special
INFO	2024/06/07 15:20:03 [::1]:59079 - HTTP/1.1 GET /user/special
INFO	2024/06/07 15:20:04 [::1]:59079 - HTTP/1.1 GET /user/special
INFO	2024/06/07 15:20:04 [::1]:59079 - HTTP/1.1 GET /user/special
INFO	2024/06/07 15:20:06 [::1]:59079 - HTTP/1.1 GET /
INFO	2024/06/07 15:20:09 [::1]:59079 - HTTP/1.1 GET /user/special
INFO	2024/06/07 15:21:13 [::1]:59079 - HTTP/1.1 POST /tasks
INFO	2024/06/07 15:21:58 [::1]:59082 - HTTP/1.1 POST /tasks
INFO	2024/06/07 15:21:58 [::1]:59082 - HTTP/1.1 GET /
INFO	2024/06/07 15:22:08 [::1]:59082 - HTTP/1.1 POST /tasks
INFO	2024/06/07 15:23:47 [::1]:59087 - HTTP/1.1 POST /tasks
INFO	2024/06/07 15:23:47 [::1]:59087 - HTTP/1.1 GET /
INFO	2024/06/07 15:24:30 [::1]:59087 - HTTP/1.1 GET /user/special
INFO	2024/06/07 15:28:30 starting server on :3000 :3000
INFO	2024/06/07 15:28:37 [::1]:59098 - HTTP/1.1 GET /user/special
INFO	2024/06/07 15:28:37 [::1]:59098 - HTTP/1.1 GET /user/special
INFO	2024/06/07 15:28:38 [::1]:59098 - HTTP/1.1 GET /user/special
INFO	2024/06/07 15:28:38 [::1]:59098 - HTTP/1.1 GET /user/special
INFO	2024/06/07 15:28:38 [::1]:59098 - HTTP/1.1 GET /user/special
INFO	2024/06/07 15:28:38 [::1]:59098 - HTTP/1.1 GET /user/special
INFO	2024/06/07 15:28:38 [::1]:59098 - HTTP/1.1 GET /user/special
INFO	2024/06/07 15:28:38 [::1]:59098 - HTTP/1.1 GET /user/special
INFO	2024/06/07 15:28:41 [::1]:59098 - HTTP/1.1 GET /
INFO	2024/06/07 15:28:43 [::1]:59098 - HTTP/1.1 GET /user/special
INFO	2024/06/07 15:33:20 [::1]:59277 - HTTP/1.1 GET /user/special
INFO	2024/06/07 15:39:43 starting server on :3000 :3000
INFO	2024/06/07 15:39:52 [::1]:59328 - HTTP/1.1 GET /user/special
INFO	2024/06/07 15:39:56 [::1]:59328 - HTTP/1.1 GET /
INFO	2024/06/07 15:40:00 [::1]:59328 - HTTP/1.1 GET /user/special
INFO	2024/06/07 15:40:08 [::1]:59328 - HTTP/1.1 GET /user/special
INFO	2024/06/07 15:40:11 [::1]:59328 - HTTP/1.1 GET /user/special
INFO	2024/06/07 15:41:22 [::1]:59328 - HTTP/1.1 GET /user/special
INFO	2024/06/07 15:42:53 [::1]:59328 - HTTP/1.1 GET /user/special
INFO	2024/06/07 15:43:24 starting server on :3000 :3000
INFO	2024/06/07 15:43:31 [::1]:59455 - HTTP/1.1 GET /user/special
INFO	2024/06/07 15:43:38 [::1]:59455 - HTTP/1.1 GET /
INFO	2024/06/07 15:43:40 [::1]:59455 - HTTP/1.1 GET /user/special
INFO	2024/06/07 15:43:52 [::1]:59455 - HTTP/1.1 GET /user/special
INFO	2024/06/07 15:47:55 starting server on :3000 :3000
INFO	2024/06/07 15:48:09 [::1]:59613 - HTTP/1.1 GET /user/special
INFO	2024/06/07 15:48:09 [::1]:59613 - HTTP/1.1 GET /user/special
INFO	2024/06/07 15:48:12 [::1]:59613 - HTTP/1.1 GET /
INFO	2024/06/07 15:48:14 [::1]:59613 - HTTP/1.1 GET /
INFO	2024/06/07 15:48:16 [::1]:59613 - HTTP/1.1 GET /user/special
INFO	2024/06/07 15:51:48 [::1]:59613 - HTTP/1.1 GET /
INFO	2024/06/07 15:51:57 [::1]:59613 - HTTP/1.1 POST /tasks
INFO	2024/06/07 15:51:57 [::1]:59613 - HTTP/1.1 GET /
INFO	2024/06/07 18:04:46 [::1]:65369 - HTTP/1.1 POST /tasks
INFO	2024/06/07 18:07:44 [::1]:65455 - HTTP/1.1 GET /
INFO	2024/06/07 18:07:44 [::1]:65455 - HTTP/1.1 GET /static/css/style.css
INFO	2024/06/07 18:07:53 [::1]:65455 - HTTP/1.1 POST /tasks
INFO	2024/06/07 18:07:53 [::1]:65455 - HTTP/1.1 GET /
INFO	2024/06/07 18:08:21 starting server on :3000 :3000
INFO	2024/06/07 18:08:45 [::1]:65470 - HTTP/1.1 POST /tasks
INFO	2024/06/07 18:08:45 [::1]:65470 - HTTP/1.1 GET /
INFO	2024/06/07 18:08:59 [::1]:65470 - HTTP/1.1 POST /tasks
INFO	2024/06/07 18:08:59 [::1]:65470 - HTTP/1.1 GET /
INFO	2024/06/07 18:09:05 [::1]:65470 - HTTP/1.1 GET /user/special
INFO	2024/06/10 11:00:18 starting server on :3000 :3000
INFO	2024/06/10 11:00:30 [::1]:52069 - HTTP/1.1 GET /
INFO	2024/06/10 11:00:30 [::1]:52069 - HTTP/1.1 GET /static/css/style.css
INFO	2024/06/10 11:00:31 [::1]:52069 - HTTP/1.1 GET /
INFO	2024/06/10 11:00:31 [::1]:52069 - HTTP/1.1 GET /
INFO	2024/06/10 11:00:32 [::1]:52069 - HTTP/1.1 GET /
INFO	2024/06/10 11:00:32 [::1]:52069 - HTTP/1.1 GET /
INFO	2024/06/10 11:00:32 [::1]:52069 - HTTP/1.1 GET /
INFO	2024/06/10 11:00:34 [::1]:52069 - HTTP/1.1 GET /user/special
INFO	2024/06/10 11:01:14 starting server on :3000 :3000
INFO	2024/06/10 11:01:34 [::1]:52080 - HTTP/1.1 GET /user/special
INFO	2024/06/10 11:01:35 [::1]:52080 - HTTP/1.1 GET /user/special
INFO	2024/06/10 11:02:47 starting server on :3000 :3000
INFO	2024/06/10 11:02:55 [::1]:52096 - HTTP/1.1 GET /user/special
INFO	2024/06/10 11:02:59 [::1]:52096 - HTTP/1.1 GET /
INFO	2024/06/10 11:03:02 [::1]:52096 - HTTP/1.1 GET /user/special
INFO	2024/06/10 11:04:27 starting server on :3000 :3000
INFO	2024/06/10 11:04:44 [::1]:52114 - HTTP/1.1 GET /user/special
INFO	2024/06/10 11:04:49 [::1]:52114 - HTTP/1.1 GET /
INFO	2024/06/10 11:04:51 [::1]:52114 - HTTP/1.1 GET /user/special
INFO	2024/06/10 11:12:13 starting server on :3000 :3000
INFO	2024/06/10 11:12:42 [::1]:52200 - HTTP/1.1 GET /user/special
INFO	2024/06/10 11:12:43 [::1]:52200 - HTTP/1.1 GET /user/special
INFO	2024/06/10 11:12:43 [::1]:52200 - HTTP/1.1 GET /user/special
INFO	2024/06/10 11:12:48 [::1]:52200 - HTTP/1.1 GET /user/special
INFO	2024/06/10 11:16:13 starting server on :3000 :3000
INFO	2024/06/10 11:16:24 [::1]:52219 - HTTP/1.1 GET /
INFO	2024/06/10 11:16:36 [::1]:52219 - HTTP/1.1 POST /tasks
INFO	2024/06/10 11:16:36 [::1]:52219 - HTTP/1.1 GET /
INFO	2024/06/10 11:17:06 [::1]:52219 - HTTP/1.1 POST /tasks
INFO	2024/06/10 11:17:06 [::1]:52219 - HTTP/1.1 GET /
INFO	2024/06/10 11:17:08 [::1]:52219 - HTTP/1.1 GET /user/special
INFO	2024/06/10 11:18:32 starting server on :3000 :3000
INFO	2024/06/10 11:18:45 [::1]:52248 - HTTP/1.1 GET /user/special
INFO	2024/06/10 11:18:51 [::1]:52248 - HTTP/1.1 GET /user/special
INFO	2024/06/10 11:20:12 starting server on :3000 :3000
INFO	2024/06/10 11:20:20 [::1]:52263 - HTTP/1.1 GET /user/special
INFO	2024/06/10 11:20:21 [::1]:52263 - HTTP/1.1 GET /user/special
INFO	2024/06/10 11:20:21 [::1]:52263 - HTTP/1.1 GET /user/special
INFO	2024/06/10 11:20:21 [::1]:52263 - HTTP/1.1 GET /user/special
INFO	2024/06/10 11:20:21 [::1]:52263 - HTTP/1.1 GET /user/special
INFO	2024/06/10 11:20:22 [::1]:52263 - HTTP/1.1 GET /user/special
INFO	2024/06/10 11:21:02 starting server on :3000 :3000
INFO	2024/06/10 11:21:18 [::1]:52269 - HTTP/1.1 GET /user/special
INFO	2024/06/10 11:21:44 starting server on :3000 :3000
INFO	2024/06/10 11:22:05 [::1]:52286 - HTTP/1.1 GET /user/special
INFO	2024/06/10 11:22:05 Displayed special page
INFO	2024/06/10 11:24:17 [::1]:52286 - HTTP/1.1 POST /user/tasks/delete?id=1
INFO	2024/06/10 11:24:23 [::1]:52286 - HTTP/1.1 GET /
INFO	2024/06/10 11:24:26 [::1]:52286 - HTTP/1.1 GET /user/special
INFO	2024/06/10 11:24:26 Displayed special page
INFO	2024/06/10 11:27:16 starting server on :3000 :3000
INFO	2024/06/10 11:27:28 [::1]:52324 - HTTP/1.1 GET /user/special
INFO	2024/06/10 11:27:28 Displayed special page
INFO	2024/06/10 11:27:30 [::1]:52324 - HTTP/1.1 POST /user/user/delete?id=1
INFO	2024/06/10 11:29:16 starting server on :3000 :3000
INFO	2024/06/10 11:29:27 [::1]:52365 - HTTP/1.1 GET /
INFO	2024/06/10 11:29:30 [::1]:52365 - HTTP/1.1 GET /user/special
INFO	2024/06/10 11:29:30 Displayed special page
INFO	2024/06/10 11:29:31 [::1]:52365 - HTTP/1.1 POST /user/special/delete?id=1
INFO	2024/06/10 11:29:31 [::1]:52365 - HTTP/1.1 GET /user/special
INFO	2024/06/10 11:29:31 Displayed special page
INFO	2024/06/10 11:29:33 [::1]:52365 - HTTP/1.1 POST /user/special/delete?id=2
INFO	2024/06/10 11:29:33 [::1]:52365 - HTTP/1.1 GET /user/special
INFO	2024/06/10 11:29:33 Displayed special page
INFO	2024/06/10 11:29:34 [::1]:52365 - HTTP/1.1 POST /user/special/delete?id=3
INFO	2024/06/10 11:29:34 [::1]:52365 - HTTP/1.1 GET /user/special
INFO	2024/06/10 11:29:34 Displayed special page
INFO	2024/06/10 11:29:37 [::1]:52365 - HTTP/1.1 POST /user/special/delete?id=4
INFO	2024/06/10 11:29:37 [::1]:52365 - HTTP/1.1 GET /user/special
INFO	2024/06/10 11:29:37 Displayed special page
INFO	2024/06/10 11:29:41 [::1]:52365 - HTTP/1.1 POST /user/special/delete?id=5
INFO	2024/06/10 11:29:41 [::1]:52365 - HTTP/1.1 GET /user/special
INFO	2024/06/10 11:29:41 Displayed special page
INFO	2024/06/10 11:31:36 starting server on :3000 :3000
INFO	2024/06/10 11:31:55 [::1]:52389 - HTTP/1.1 GET /user/special
INFO	2024/06/10 11:31:55 Displayed special page
INFO	2024/06/10 11:31:57 [::1]:52389 - HTTP/1.1 POST /user/special/delete?id=6&name=Special%201
INFO	2024/06/10 11:31:57 [::1]:52389 - HTTP/1.1 GET /user/special
INFO	2024/06/10 11:31:57 Displayed special page
INFO	2024/06/10 11:32:22 [::1]:52389 - HTTP/1.1 GET /
INFO	2024/06/10 11:33:57 starting server on :3000 :3000
INFO	2024/06/10 11:34:26 [::1]:52409 - HTTP/1.1 POST /tasks/delete?id=1
INFO	2024/06/10 11:34:26 [::1]:52409 - HTTP/1.1 GET /
INFO	2024/06/10 11:34:28 [::1]:52409 - HTTP/1.1 POST /tasks/delete?id=2
INFO	2024/06/10 11:34:28 [::1]:52409 - HTTP/1.1 GET /
INFO	2024/06/10 11:34:31 [::1]:52409 - HTTP/1.1 POST /tasks/delete?id=3
INFO	2024/06/10 11:34:31 [::1]:52409 - HTTP/1.1 GET /
INFO	2024/06/10 11:34:42 [::1]:52409 - HTTP/1.1 POST /tasks
INFO	2024/06/10 11:34:42 [::1]:52409 - HTTP/1.1 GET /
INFO	2024/06/10 11:34:46 [::1]:52409 - HTTP/1.1 GET /user/special
INFO	2024/06/10 11:34:46 Displayed special page
INFO	2024/06/10 11:34:48 [::1]:52409 - HTTP/1.1 POST /user/special/delete?id=7&name=Special%20siva
INFO	2024/06/10 11:35:21 starting server on :3000 :3000
INFO	2024/06/10 11:35:38 [::1]:52449 - HTTP/1.1 GET /user/special
INFO	2024/06/10 11:35:38 Displayed special page
INFO	2024/06/10 11:35:45 [::1]:52449 - HTTP/1.1 GET /
INFO	2024/06/10 11:35:48 [::1]:52449 - HTTP/1.1 POST /tasks/delete?id=4
INFO	2024/06/10 11:35:48 [::1]:52449 - HTTP/1.1 GET /
INFO	2024/06/10 11:35:57 [::1]:52449 - HTTP/1.1 POST /tasks
INFO	2024/06/10 11:35:57 [::1]:52449 - HTTP/1.1 GET /
INFO	2024/06/10 11:36:00 [::1]:52449 - HTTP/1.1 GET /user/special
INFO	2024/06/10 11:36:00 Displayed special page
INFO	2024/06/10 11:36:02 [::1]:52449 - HTTP/1.1 POST /user/special/delete?id=8&name=Special%20Sivanandha
INFO	2024/06/10 11:36:02 [::1]:52449 - HTTP/1.1 GET /user/special
INFO	2024/06/10 11:36:02 Displayed special page
INFO	2024/06/10 11:36:07 [::1]:52449 - HTTP/1.1 GET /
INFO	2024/06/10 11:36:28 [::1]:52449 - HTTP/1.1 POST /tasks
INFO	2024/06/10 11:36:28 [::1]:52449 - HTTP/1.1 GET /
INFO	2024/06/10 11:36:30 [::1]:52449 - HTTP/1.1 POST /tasks/delete?id=6
INFO	2024/06/10 11:36:30 [::1]:52449 - HTTP/1.1 GET /
INFO	2024/06/10 11:36:32 [::1]:52449 - HTTP/1.1 GET /user/special
INFO	2024/06/10 11:36:32 Displayed special page
INFO	2024/06/10 11:50:57 starting server on :3000 :3000
INFO	2024/06/10 11:51:08 [::1]:52549 - HTTP/1.1 GET /
INFO	2024/06/10 11:51:09 [::1]:52549 - HTTP/1.1 GET /
INFO	2024/06/10 11:51:50 starting server on :3000 :3000
INFO	2024/06/10 11:52:01 [::1]:52569 - HTTP/1.1 GET /
INFO	2024/06/10 11:52:19 [::1]:52569 - HTTP/1.1 POST /tasks
INFO	2024/06/10 11:52:19 [::1]:52569 - HTTP/1.1 GET /
INFO	2024/06/10 11:52:28 [::1]:52569 - HTTP/1.1 GET /
INFO	2024/06/10 11:52:33 [::1]:52569 - HTTP/1.1 GET /user/special
INFO	2024/06/10 11:52:33 Displayed special page
INFO	2024/06/10 11:52:41 [::1]:52569 - HTTP/1.1 GET /
INFO	2024/06/10 11:52:44 [::1]:52569 - HTTP/1.1 GET /
INFO	2024/06/10 11:54:00 starting server on :3000 :3000
INFO	2024/06/10 11:54:12 [::1]:52584 - HTTP/1.1 GET /
INFO	2024/06/10 11:54:14 [::1]:52584 - HTTP/1.1 GET /user/special
INFO	2024/06/10 11:54:14 Displayed special page
INFO	2024/06/10 11:54:22 [::1]:52584 - HTTP/1.1 GET /
INFO	2024/06/10 11:54:31 [::1]:52584 - HTTP/1.1 GET /user/special
INFO	2024/06/10 11:54:31 Displayed special page
INFO	2024/06/10 11:54:33 [::1]:52584 - HTTP/1.1 POST /user/special/delete?id=9&name=Special%20Task%203
INFO	2024/06/10 11:54:33 [::1]:52584 - HTTP/1.1 GET /user/special
INFO	2024/06/10 11:54:33 Displayed special page
INFO	2024/06/10 11:54:34 [::1]:52584 - HTTP/1.1 POST /user/special/delete?id=10&name=Special%20Task%201
INFO	2024/06/10 11:54:34 [::1]:52584 - HTTP/1.1 GET /user/special
INFO	2024/06/10 11:54:34 Displayed special page
INFO	2024/06/10 11:54:35 [::1]:52584 - HTTP/1.1 GET /user/special
INFO	2024/06/10 11:54:35 Displayed special page
INFO	2024/06/10 11:54:42 [::1]:52584 - HTTP/1.1 GET /
INFO	2024/06/10 11:54:55 [::1]:52584 - HTTP/1.1 POST /tasks
INFO	2024/06/10 11:54:55 [::1]:52584 - HTTP/1.1 GET /
INFO	2024/06/10 11:55:13 [::1]:52584 - HTTP/1.1 POST /tasks
INFO	2024/06/10 11:55:13 [::1]:52584 - HTTP/1.1 GET /
INFO	2024/06/10 11:55:19 [::1]:52584 - HTTP/1.1 GET /user/special
INFO	2024/06/10 11:55:19 Displayed special page
INFO	2024/06/10 11:55:23 [::1]:52584 - HTTP/1.1 GET /
INFO	2024/06/10 11:55:27 [::1]:52584 - HTTP/1.1 POST /tasks/delete?id=8&name=task%201
INFO	2024/06/10 11:56:16 starting server on :3000 :3000
INFO	2024/06/10 11:56:31 [::1]:52603 - HTTP/1.1 GET /
INFO	2024/06/10 11:56:37 [::1]:52603 - HTTP/1.1 POST /tasks/delete?id=8&name=task%201
INFO	2024/06/10 11:56:37 [::1]:52603 - HTTP/1.1 GET /
INFO	2024/06/10 11:56:41 [::1]:52603 - HTTP/1.1 GET /user/special
INFO	2024/06/10 11:56:41 Displayed special page
INFO	2024/06/10 11:56:44 [::1]:52603 - HTTP/1.1 POST /user/special/delete?id=11&name=Special%20Task%201
INFO	2024/06/10 11:56:44 [::1]:52603 - HTTP/1.1 GET /user/special
INFO	2024/06/10 11:56:44 Displayed special page
INFO	2024/06/10 11:56:47 [::1]:52603 - HTTP/1.1 GET /
INFO	2024/06/10 11:57:00 [::1]:52603 - HTTP/1.1 POST /tasks
INFO	2024/06/10 11:57:00 [::1]:52603 - HTTP/1.1 GET /
INFO	2024/06/10 11:57:05 [::1]:52603 - HTTP/1.1 GET /user/special
INFO	2024/06/10 11:57:05 Displayed special page
INFO	2024/06/10 11:57:08 [::1]:52603 - HTTP/1.1 GET /
INFO	2024/06/10 11:57:12 [::1]:52603 - HTTP/1.1 POST /tasks/delete?id=10&name=Special%20Task%201
INFO	2024/06/10 11:57:12 [::1]:52603 - HTTP/1.1 GET /
INFO	2024/06/10 11:57:14 [::1]:52603 - HTTP/1.1 GET /user/special
INFO	2024/06/10 11:57:14 Displayed special page
INFO	2024/06/10 11:57:18 [::1]:52603 - HTTP/1.1 GET /
INFO	2024/06/10 11:57:23 [::1]:52603 - HTTP/1.1 GET /user/special
INFO	2024/06/10 11:57:23 Displayed special page
INFO	2024/06/10 11:58:26 starting server on :3000 :3000
INFO	2024/06/10 11:58:40 [::1]:52631 - HTTP/1.1 GET /user/special
INFO	2024/06/10 11:58:40 Displayed special page
INFO	2024/06/10 11:58:41 [::1]:52631 - HTTP/1.1 GET /
INFO	2024/06/10 11:58:51 [::1]:52631 - HTTP/1.1 POST /tasks
INFO	2024/06/10 11:58:51 [::1]:52631 - HTTP/1.1 GET /
INFO	2024/06/10 11:58:55 [::1]:52631 - HTTP/1.1 GET /user/special
INFO	2024/06/10 11:58:55 Displayed special page
INFO	2024/06/10 11:58:57 [::1]:52631 - HTTP/1.1 GET /
INFO	2024/06/10 11:59:01 [::1]:52631 - HTTP/1.1 POST /tasks/delete?id=11&name=Special%20Task%202
INFO	2024/06/10 11:59:01 [::1]:52631 - HTTP/1.1 GET /
INFO	2024/06/10 11:59:04 [::1]:52631 - HTTP/1.1 GET /user/special
INFO	2024/06/10 11:59:04 Displayed special page
INFO	2024/06/10 11:59:06 [::1]:52631 - HTTP/1.1 GET /
INFO	2024/06/10 11:59:12 [::1]:52631 - HTTP/1.1 GET /
INFO	2024/06/10 11:59:13 [::1]:52631 - HTTP/1.1 GET /user/special
INFO	2024/06/10 11:59:13 Displayed special page
INFO	2024/06/10 11:59:15 [::1]:52631 - HTTP/1.1 GET /
INFO	2024/06/10 12:09:22 starting server on :3000 :3000
INFO	2024/06/10 12:09:30 [::1]:52878 - HTTP/1.1 GET /
INFO	2024/06/10 12:09:32 [::1]:52878 - HTTP/1.1 GET /user/special
INFO	2024/06/10 12:09:52 starting server on :3000 :3000
INFO	2024/06/10 12:10:01 [::1]:52886 - HTTP/1.1 GET /
INFO	2024/06/10 12:10:04 [::1]:52886 - HTTP/1.1 GET /
INFO	2024/06/10 12:10:05 [::1]:52886 - HTTP/1.1 GET /user/special
INFO	2024/06/10 12:10:05 Displayed special page
INFO	2024/06/10 12:10:08 [::1]:52886 - HTTP/1.1 GET /
INFO	2024/06/10 12:10:21 [::1]:52886 - HTTP/1.1 POST /tasks
INFO	2024/06/10 12:10:21 [::1]:52886 - HTTP/1.1 GET /
INFO	2024/06/10 12:10:24 [::1]:52886 - HTTP/1.1 GET /user/special
INFO	2024/06/10 12:10:24 Displayed special page
INFO	2024/06/10 12:11:16 starting server on :3000 :3000
INFO	2024/06/10 12:11:32 [::1]:52907 - HTTP/1.1 GET /user/special
INFO	2024/06/10 12:11:32 Displayed special page
INFO	2024/06/10 12:11:40 [::1]:52907 - HTTP/1.1 GET /
INFO	2024/06/10 12:11:49 [::1]:52907 - HTTP/1.1 POST /tasks
INFO	2024/06/10 12:11:49 [::1]:52907 - HTTP/1.1 GET /
INFO	2024/06/11 13:05:11 [::1]:57852 - HTTP/1.1 GET /
INFO	2024/06/11 13:05:11 [::1]:57852 - HTTP/1.1 GET /static/css/style.css
INFO	2024/06/15 23:43:17 starting server on :3000 :3000
INFO	2024/06/15 23:43:47 [::1]:58189 - HTTP/1.1 GET /
INFO	2024/06/15 23:43:47 [::1]:58189 - HTTP/1.1 GET /static/css/style.css
INFO	2024/06/15 23:43:47 [::1]:58189 - HTTP/1.1 GET /favicon.ico
INFO	2024/06/15 23:43:52 [::1]:58189 - HTTP/1.1 POST /tasks/delete?id=13&name=task%202
INFO	2024/06/15 23:43:52 [::1]:58189 - HTTP/1.1 GET /
INFO	2024/06/15 23:43:56 [::1]:58189 - HTTP/1.1 GET /user/special
INFO	2024/06/15 23:43:56 Displayed special page
INFO	2024/06/15 23:43:58 [::1]:58189 - HTTP/1.1 GET /
INFO	2024/06/15 23:44:02 [::1]:58189 - HTTP/1.1 POST /tasks/delete?id=12&name=Special%20TAskdjbe
INFO	2024/06/15 23:44:02 [::1]:58189 - HTTP/1.1 GET /
INFO	2024/06/15 23:44:03 [::1]:58189 - HTTP/1.1 GET /user/special
INFO	2024/06/15 23:44:03 Displayed special page
INFO	2024/06/15 23:44:05 [::1]:58189 - HTTP/1.1 GET /
